Starting C/RTL cosimulation ...
/home/lea/Xilinx/Vivado/2019.1/bin/vivado_hls /home/lea/Documents/HAAI_lab/lab01/prj_adder/solution1/cosim.tcl
INFO: [HLS 200-10] Running '/home/lea/Xilinx/Vivado/2019.1/bin/unwrapped/lnx64.o/vivado_hls'
INFO: [HLS 200-10] For user 'lea' on host 'umbra' (Linux_x86_64 version 7.0.9-arch1-1) on Fri May 22 13:22:41 CEST 2026
INFO: [HLS 200-10] On os "EndeavourOS Linux"
INFO: [HLS 200-10] In directory '/home/lea/Documents/HAAI_lab/lab01'
Sourcing Tcl script '/home/lea/Documents/HAAI_lab/lab01/prj_adder/solution1/cosim.tcl'
INFO: [HLS 200-10] Opening project '/home/lea/Documents/HAAI_lab/lab01/prj_adder'.
INFO: [HLS 200-10] Opening solution '/home/lea/Documents/HAAI_lab/lab01/prj_adder/solution1'.
INFO: [SYN 201-201] Setting up clock 'default' with a period of 10ns.
INFO: [HLS 200-10] Setting target device to 'xczu3eg-sbva484-1-i'
INFO: [COSIM 212-47] Using XSIM for RTL simulation.
INFO: [COSIM 212-14] Instrumenting C test bench ...
   Build using "/home/lea/Xilinx/Vivado/2019.1/tps/lnx64/gcc-6.2.0/bin/g++"
   Compiling adder.cpp_pre.cpp.tb.cpp
   Compiling adder_tb.cpp_pre.cpp.tb.cpp
   Compiling apatb_adder.cpp
   Generating cosim.tv.exe
INFO: [COSIM 212-302] Starting C TB testing ...
0 Adder Output : 13
1 Adder Output : 14
2 Adder Output : 15
3 Adder Output : 16
4 Adder Output : 17
INFO: [COSIM 212-333] Generating C post check test bench ...
INFO: [COSIM 212-12] Generating RTL test bench ...
INFO: [COSIM 212-1] *** C/RTL co-simulation file generation completed. ***
INFO: [COSIM 212-323] Starting verilog simulation.
INFO: [COSIM 212-15] Starting XSIM ...
INFO: [XSIM 43-3496] Using init file passed via -initfile option "/home/lea/Xilinx/Vivado/2019.1/data/xsim/ip/xsim_ip.ini".
Vivado Simulator 2019.1
Copyright 1986-1999, 2001-2019 Xilinx, Inc. All Rights Reserved.
Running: /home/lea/Xilinx/Vivado/2019.1/bin/unwrapped/lnx64.o/xelab xil_defaultlib.apatb_adder_top glbl -prj adder.prj -L smartconnect_v1_0 -L axi_protocol_checker_v1_1_12 -L axi_protocol_checker_v1_1_13 -L axis_protocol_checker_v1_1_11 -L axis_protocol_checker_v1_1_12 -L xil_defaultlib -L unisims_ver -L xpm --initfile /home/lea/Xilinx/Vivado/2019.1/data/xsim/ip/xsim_ip.ini --lib ieee_proposed=./ieee_proposed -s adder -debug wave
Multi-threading is on. Using 14 slave threads.
INFO: [VRFC 10-2263] Analyzing SystemVerilog file "/home/lea/Documents/HAAI_lab/lab01/prj_adder/solution1/sim/verilog/glbl.v" into library work
INFO: [VRFC 10-311] analyzing module glbl
INFO: [VRFC 10-2263] Analyzing SystemVerilog file "/home/lea/Documents/HAAI_lab/lab01/prj_adder/solution1/sim/verilog/adder.v" into library xil_defaultlib
INFO: [VRFC 10-311] analyzing module adder
INFO: [VRFC 10-2263] Analyzing SystemVerilog file "/home/lea/Documents/HAAI_lab/lab01/prj_adder/solution1/sim/verilog/adder.autotb.v" into library xil_defaultlib
INFO: [VRFC 10-311] analyzing module apatb_adder_top
Starting static elaboration
Completed static elaboration
Starting simulation data flow analysis
Completed simulation data flow analysis
Time Resolution for simulation is 1ps
Compiling module xil_defaultlib.adder
Compiling module xil_defaultlib.apatb_adder_top
Compiling module work.glbl
Built simulation snapshot adder


****** Webtalk v2019.1 (64-bit)
  **** SW Build 2552052 on Fri May 24 14:47:09 MDT 2019
  **** IP Build 2548770 on Fri May 24 18:01:18 MDT 2019
    ** Copyright 1986-2019 Xilinx, Inc. All Rights Reserved.


source /home/lea/Documents/HAAI_lab/lab01/prj_adder/solution1/sim/verilog/xsim.dir/adder/webtalk/xsim_webtalk.tcl -notrace
INFO: [Common 17-206] Exiting Webtalk at Fri May 22 13:22:53 2026...


****** xsim v2019.1 (64-bit)
  **** SW Build 2552052 on Fri May 24 14:47:09 MDT 2019
  **** IP Build 2548770 on Fri May 24 18:01:18 MDT 2019
    ** Copyright 1986-2019 Xilinx, Inc. All Rights Reserved.


source xsim.dir/adder/xsim_script.tcl
# xsim {adder} -autoloadwcfg -tclbatch {adder.tcl}
Vivado Simulator 2019.1
Time resolution is 1 ps
source adder.tcl
## log_wave -r /
WARNING: [Simtcl 6-197] One or more HDL objects could not be logged because of object type or size limitations.  To see details please rerun the command with -verbose (-v).
## set designtopgroup [add_wave_group "Design Top Signals"]
## set coutputgroup [add_wave_group "C Outputs" -into $designtopgroup]
## set return_group [add_wave_group return(wire) -into $coutputgroup]
## add_wave /apatb_adder_top/AESL_inst_adder/ap_return -into $return_group -radix hex
## set cinputgroup [add_wave_group "C Inputs" -into $designtopgroup]
## set c_group [add_wave_group c(wire) -into $cinputgroup]
## add_wave /apatb_adder_top/AESL_inst_adder/c -into $c_group -radix hex
## set b_group [add_wave_group b(wire) -into $cinputgroup]
## add_wave /apatb_adder_top/AESL_inst_adder/b -into $b_group -radix hex
## set a_group [add_wave_group a(wire) -into $cinputgroup]
## add_wave /apatb_adder_top/AESL_inst_adder/a -into $a_group -radix hex
## set blocksiggroup [add_wave_group "Block-level IO Handshake" -into $designtopgroup]
## add_wave /apatb_adder_top/AESL_inst_adder/ap_start -into $blocksiggroup
## add_wave /apatb_adder_top/AESL_inst_adder/ap_done -into $blocksiggroup
## add_wave /apatb_adder_top/AESL_inst_adder/ap_idle -into $blocksiggroup
## add_wave /apatb_adder_top/AESL_inst_adder/ap_ready -into $blocksiggroup
## set resetgroup [add_wave_group "Reset" -into $designtopgroup]
## set clockgroup [add_wave_group "Clock" -into $designtopgroup]
## set testbenchgroup [add_wave_group "Test Bench Signals"]
## set tbinternalsiggroup [add_wave_group "Internal Signals" -into $testbenchgroup]
## set tb_simstatus_group [add_wave_group "Simulation Status" -into $tbinternalsiggroup]
## set tb_portdepth_group [add_wave_group "Port Depth" -into $tbinternalsiggroup]
## add_wave /apatb_adder_top/AUTOTB_TRANSACTION_NUM -into $tb_simstatus_group -radix hex
## add_wave /apatb_adder_top/ready_cnt -into $tb_simstatus_group -radix hex
## add_wave /apatb_adder_top/done_cnt -into $tb_simstatus_group -radix hex
## add_wave /apatb_adder_top/LENGTH_a -into $tb_portdepth_group -radix hex
## add_wave /apatb_adder_top/LENGTH_b -into $tb_portdepth_group -radix hex
## add_wave /apatb_adder_top/LENGTH_c -into $tb_portdepth_group -radix hex
## add_wave /apatb_adder_top/LENGTH_ap_return -into $tb_portdepth_group -radix hex
## set tbcoutputgroup [add_wave_group "C Outputs" -into $testbenchgroup]
## set tb_return_group [add_wave_group return(wire) -into $tbcoutputgroup]
## add_wave /apatb_adder_top/ap_return -into $tb_return_group -radix hex
## set tbcinputgroup [add_wave_group "C Inputs" -into $testbenchgroup]
## set tb_c_group [add_wave_group c(wire) -into $tbcinputgroup]
## add_wave /apatb_adder_top/c -into $tb_c_group -radix hex
## set tb_b_group [add_wave_group b(wire) -into $tbcinputgroup]
## add_wave /apatb_adder_top/b -into $tb_b_group -radix hex
## set tb_a_group [add_wave_group a(wire) -into $tbcinputgroup]
## add_wave /apatb_adder_top/a -into $tb_a_group -radix hex
## save_wave_config adder.wcfg
## run all
////////////////////////////////////////////////////////////////////////////////////
// Inter-Transaction Progress: Completed Transaction / Total Transaction
// Intra-Transaction Progress: Measured Latency / Latency Estimation * 100%
//
// RTL Simulation : "Inter-Transaction Progress" ["Intra-Transaction Progress"] @ "Simulation Time"
////////////////////////////////////////////////////////////////////////////////////
// RTL Simulation : 0 / 5 [n/a] @ "125000"
// RTL Simulation : 1 / 5 [n/a] @ "145000"
// RTL Simulation : 2 / 5 [n/a] @ "155000"
// RTL Simulation : 3 / 5 [n/a] @ "165000"
// RTL Simulation : 4 / 5 [n/a] @ "175000"
// RTL Simulation : 5 / 5 [n/a] @ "185000"
////////////////////////////////////////////////////////////////////////////////////
$finish called at time : 225 ns : File "/home/lea/Documents/HAAI_lab/lab01/prj_adder/solution1/sim/verilog/adder.autotb.v" Line 372
## quit
INFO: [Common 17-206] Exiting xsim at Fri May 22 13:23:05 2026...
INFO: [COSIM 212-316] Starting C post checking ...
0 Adder Output : 13
1 Adder Output : 14
2 Adder Output : 15
3 Adder Output : 16
4 Adder Output : 17
INFO: [COSIM 212-1000] *** C/RTL co-simulation finished: PASS ***
INFO: [COSIM 212-210] Design is translated to an combinational logic. II and Latency will be marked as all 0.
Finished C/RTL cosimulation.

